# JRE version: OpenJDK Runtime Environment (8.0_76-b03) (build 1.8.0_76-release-b03)
# Java VM: OpenJDK 64-Bit Server VM (25.76-b03 mixed mode windows-amd64 compressed oops)
Heap:
 PSYoungGen      total 473088K, used 163493K [0x00000000e0000000, 0x00000000ff300000, 0x0000000100000000)
  eden space 439296K, 37% used [0x00000000e0000000,0x00000000e9fa9620,0x00000000fad00000)
  from space 33792K, 0% used [0x00000000fd200000,0x00000000fd200000,0x00000000ff300000)
  to   space 35840K, 0% used [0x00000000fad00000,0x00000000fad00000,0x00000000fd000000)
 ParOldGen       total 229376K, used 47990K [0x00000000a0000000, 0x00000000ae000000, 0x00000000e0000000)
  object space 229376K, 20% used [0x00000000a0000000,0x00000000a2eddbe0,0x00000000ae000000)
 Metaspace       used 78071K, capacity 83616K, committed 86784K, reserved 1124352K
  class space    used 9683K, capacity 10235K, committed 11008K, reserved 1048576K
GC Heap History (10 events):
Event: 7418.115 GC heap before
{Heap before GC invocations=92 (full 20):
 PSYoungGen      total 477184K, used 160K [0x00000000e0000000, 0x00000000ffa00000, 0x0000000100000000)
  eden space 439296K, 0% used [0x00000000e0000000,0x00000000e0000000,0x00000000fad00000)
  from space 37888K, 0% used [0x00000000fd500000,0x00000000fd528000,0x00000000ffa00000)
  to   space 39424K, 0% used [0x00000000fad00000,0x00000000fad00000,0x00000000fd380000)
 ParOldGen       total 229376K, used 49318K [0x00000000a0000000, 0x00000000ae000000, 0x00000000e0000000)
  object space 229376K, 21% used [0x00000000a0000000,0x00000000a3029b20,0x00000000ae000000)
 Metaspace       used 77617K, capacity 82738K, committed 86656K, reserved 1124352K
  class space    used 9613K, capacity 10162K, committed 10880K, reserved 1048576K
Event: 7418.361 GC heap after
Heap after GC invocations=92 (full 20):
 PSYoungGen      total 477184K, used 0K [0x00000000e0000000, 0x00000000ffa00000, 0x0000000100000000)
  eden space 439296K, 0% used [0x00000000e0000000,0x00000000e0000000,0x00000000fad00000)
  from space 37888K, 0% used [0x00000000fd500000,0x00000000fd500000,0x00000000ffa00000)
  to   space 39424K, 0% used [0x00000000fad00000,0x00000000fad00000,0x00000000fd380000)
 ParOldGen       total 229376K, used 46415K [0x00000000a0000000, 0x00000000ae000000, 0x00000000e0000000)
  object space 229376K, 20% used [0x00000000a0000000,0x00000000a2d53d68,0x00000000ae000000)
 Metaspace       used 77617K, capacity 82738K, committed 86656K, reserved 1124352K
  class space    used 9613K, capacity 10162K, committed 10880K, reserved 1048576K
}
Event: 7561.336 GC heap before
{Heap before GC invocations=93 (full 20):
 PSYoungGen      total 477184K, used 296492K [0x00000000e0000000, 0x00000000ffa00000, 0x0000000100000000)
  eden space 439296K, 67% used [0x00000000e0000000,0x00000000f218b3d8,0x00000000fad00000)
  from space 37888K, 0% used [0x00000000fd500000,0x00000000fd500000,0x00000000ffa00000)
  to   space 39424K, 0% used [0x00000000fad00000,0x00000000fad00000,0x00000000fd380000)
 ParOldGen       total 229376K, used 46415K [0x00000000a0000000, 0x00000000ae000000, 0x00000000e0000000)
  object space 229376K, 20% used [0x00000000a0000000,0x00000000a2d53d68,0x00000000ae000000)
 Metaspace       used 77728K, capacity 83042K, committed 86656K, reserved 1124352K
  class space    used 9629K, capacity 10178K, committed 10880K, reserved 1048576K
Event: 7561.351 GC heap after
Heap after GC invocations=93 (full 20):
 PSYoungGen      total 442368K, used 2576K [0x00000000e0000000, 0x00000000ff700000, 0x0000000100000000)
  eden space 439296K, 0% used [0x00000000e0000000,0x00000000e0000000,0x00000000fad00000)
  from space 3072K, 83% used [0x00000000fad00000,0x00000000faf84010,0x00000000fb000000)
  to   space 37888K, 0% used [0x00000000fd200000,0x00000000fd200000,0x00000000ff700000)
 ParOldGen       total 229376K, used 46423K [0x00000000a0000000, 0x00000000ae000000, 0x00000000e0000000)
  object space 229376K, 20% used [0x00000000a0000000,0x00000000a2d55d68,0x00000000ae000000)
 Metaspace       used 77728K, capacity 83042K, committed 86656K, reserved 1124352K
  class space    used 9629K, capacity 10178K, committed 10880K, reserved 1048576K
}
Event: 7561.351 GC heap before
{Heap before GC invocations=94 (full 21):
 PSYoungGen      total 442368K, used 2576K [0x00000000e0000000, 0x00000000ff700000, 0x0000000100000000)
  eden space 439296K, 0% used [0x00000000e0000000,0x00000000e0000000,0x00000000fad00000)
  from space 3072K, 83% used [0x00000000fad00000,0x00000000faf84010,0x00000000fb000000)
  to   space 37888K, 0% used [0x00000000fd200000,0x00000000fd200000,0x00000000ff700000)
 ParOldGen       total 229376K, used 46423K [0x00000000a0000000, 0x00000000ae000000, 0x00000000e0000000)
  object space 229376K, 20% used [0x00000000a0000000,0x00000000a2d55d68,0x00000000ae000000)
 Metaspace       used 77728K, capacity 83042K, committed 86656K, reserved 1124352K
  class space    used 9629K, capacity 10178K, committed 10880K, reserved 1048576K
Event: 7561.624 GC heap after
Heap after GC invocations=94 (full 21):
 PSYoungGen      total 442368K, used 0K [0x00000000e0000000, 0x00000000ff700000, 0x0000000100000000)
  eden space 439296K, 0% used [0x00000000e0000000,0x00000000e0000000,0x00000000fad00000)
  from space 3072K, 0% used [0x00000000fad00000,0x00000000fad00000,0x00000000fb000000)
  to   space 37888K, 0% used [0x00000000fd200000,0x00000000fd200000,0x00000000ff700000)
 ParOldGen       total 229376K, used 48322K [0x00000000a0000000, 0x00000000ae000000, 0x00000000e0000000)
  object space 229376K, 21% used [0x00000000a0000000,0x00000000a2f30b70,0x00000000ae000000)
 Metaspace       used 77728K, capacity 83042K, committed 86656K, reserved 1124352K
  class space    used 9629K, capacity 10178K, committed 10880K, reserved 1048576K
}
Event: 7817.202 GC heap before
{Heap before GC invocations=95 (full 21):
 PSYoungGen      total 442368K, used 223371K [0x00000000e0000000, 0x00000000ff700000, 0x0000000100000000)
  eden space 439296K, 50% used [0x00000000e0000000,0x00000000eda22df8,0x00000000fad00000)
  from space 3072K, 0% used [0x00000000fad00000,0x00000000fad00000,0x00000000fb000000)
  to   space 37888K, 0% used [0x00000000fd200000,0x00000000fd200000,0x00000000ff700000)
 ParOldGen       total 229376K, used 48322K [0x00000000a0000000, 0x00000000ae000000, 0x00000000e0000000)
  object space 229376K, 21% used [0x00000000a0000000,0x00000000a2f30b70,0x00000000ae000000)
 Metaspace       used 77991K, capacity 83514K, committed 86656K, reserved 1124352K
  class space    used 9674K, capacity 10226K, committed 10880K, reserved 1048576K
Event: 7817.208 GC heap after
Heap after GC invocations=95 (full 21):
 PSYoungGen      total 473088K, used 1725K [0x00000000e0000000, 0x00000000ff300000, 0x0000000100000000)
  eden space 439296K, 0% used [0x00000000e0000000,0x00000000e0000000,0x00000000fad00000)
  from space 33792K, 5% used [0x00000000fd200000,0x00000000fd3af420,0x00000000ff300000)
  to   space 35840K, 0% used [0x00000000fad00000,0x00000000fad00000,0x00000000fd000000)
 ParOldGen       total 229376K, used 48330K [0x00000000a0000000, 0x00000000ae000000, 0x00000000e0000000)
  object space 229376K, 21% used [0x00000000a0000000,0x00000000a2f32b70,0x00000000ae000000)
 Metaspace       used 77991K, capacity 83514K, committed 86656K, reserved 1124352K
  class space    used 9674K, capacity 10226K, committed 10880K, reserved 1048576K
}
Event: 7817.208 GC heap before
{Heap before GC invocations=96 (full 22):
 PSYoungGen      total 473088K, used 1725K [0x00000000e0000000, 0x00000000ff300000, 0x0000000100000000)
  eden space 439296K, 0% used [0x00000000e0000000,0x00000000e0000000,0x00000000fad00000)
  from space 33792K, 5% used [0x00000000fd200000,0x00000000fd3af420,0x00000000ff300000)
  to   space 35840K, 0% used [0x00000000fad00000,0x00000000fad00000,0x00000000fd000000)
 ParOldGen       total 229376K, used 48330K [0x00000000a0000000, 0x00000000ae000000, 0x00000000e0000000)
  object space 229376K, 21% used [0x00000000a0000000,0x00000000a2f32b70,0x00000000ae000000)
 Metaspace       used 77991K, capacity 83514K, committed 86656K, reserved 1124352K
  class space    used 9674K, capacity 10226K, committed 10880K, reserved 1048576K
Event: 7817.435 GC heap after
Heap after GC invocations=96 (full 22):
 PSYoungGen      total 473088K, used 0K [0x00000000e0000000, 0x00000000ff300000, 0x0000000100000000)
  eden space 439296K, 0% used [0x00000000e0000000,0x00000000e0000000,0x00000000fad00000)
  from space 33792K, 0% used [0x00000000fd200000,0x00000000fd200000,0x00000000ff300000)
  to   space 35840K, 0% used [0x00000000fad00000,0x00000000fad00000,0x00000000fd000000)
 ParOldGen       total 229376K, used 47990K [0x00000000a0000000, 0x00000000ae000000, 0x00000000e0000000)
  object space 229376K, 20% used [0x00000000a0000000,0x00000000a2eddbe0,0x00000000ae000000)
 Metaspace       used 77991K, capacity 83514K, committed 86656K, reserved 1124352K
  class space    used 9674K, capacity 10226K, committed 10880K, reserved 1048576K
}

